{"C:\\Users\\haibe\\Downloads\\Api_sistema_de_informacion\\src\\controllers\\carouselControllers.js": {"path":"C:\\Users\\haibe\\Downloads\\Api_sistema_de_informacion\\src\\controllers\\carouselControllers.js","statementMap":{"0":{"start":{"line":1,"column":22},"end":{"line":1,"column":56}},"1":{"start":{"line":3,"column":28},"end":{"line":72,"column":1}},"2":{"start":{"line":6,"column":4},"end":{"line":13,"column":7}},"3":{"start":{"line":7,"column":6},"end":{"line":11,"column":7}},"4":{"start":{"line":8,"column":8},"end":{"line":8,"column":66}},"5":{"start":{"line":9,"column":8},"end":{"line":9,"column":68}},"6":{"start":{"line":10,"column":8},"end":{"line":10,"column":15}},"7":{"start":{"line":12,"column":6},"end":{"line":12,"column":28}},"8":{"start":{"line":18,"column":15},"end":{"line":18,"column":28}},"9":{"start":{"line":19,"column":4},"end":{"line":30,"column":7}},"10":{"start":{"line":20,"column":6},"end":{"line":24,"column":7}},"11":{"start":{"line":21,"column":8},"end":{"line":21,"column":69}},"12":{"start":{"line":22,"column":8},"end":{"line":22,"column":71}},"13":{"start":{"line":23,"column":8},"end":{"line":23,"column":15}},"14":{"start":{"line":25,"column":6},"end":{"line":28,"column":7}},"15":{"start":{"line":26,"column":8},"end":{"line":26,"column":67}},"16":{"start":{"line":27,"column":8},"end":{"line":27,"column":15}},"17":{"start":{"line":29,"column":6},"end":{"line":29,"column":27}},"18":{"start":{"line":35,"column":26},"end":{"line":35,"column":34}},"19":{"start":{"line":36,"column":4},"end":{"line":43,"column":7}},"20":{"start":{"line":37,"column":6},"end":{"line":41,"column":7}},"21":{"start":{"line":38,"column":8},"end":{"line":38,"column":67}},"22":{"start":{"line":39,"column":8},"end":{"line":39,"column":69}},"23":{"start":{"line":40,"column":8},"end":{"line":40,"column":15}},"24":{"start":{"line":42,"column":6},"end":{"line":42,"column":92}},"25":{"start":{"line":48,"column":15},"end":{"line":48,"column":28}},"26":{"start":{"line":49,"column":30},"end":{"line":49,"column":38}},"27":{"start":{"line":50,"column":4},"end":{"line":57,"column":7}},"28":{"start":{"line":51,"column":6},"end":{"line":55,"column":7}},"29":{"start":{"line":52,"column":8},"end":{"line":52,"column":72}},"30":{"start":{"line":53,"column":8},"end":{"line":53,"column":74}},"31":{"start":{"line":54,"column":8},"end":{"line":54,"column":15}},"32":{"start":{"line":56,"column":6},"end":{"line":56,"column":64}},"33":{"start":{"line":62,"column":15},"end":{"line":62,"column":28}},"34":{"start":{"line":63,"column":4},"end":{"line":70,"column":7}},"35":{"start":{"line":64,"column":6},"end":{"line":68,"column":7}},"36":{"start":{"line":65,"column":8},"end":{"line":65,"column":73}},"37":{"start":{"line":66,"column":8},"end":{"line":66,"column":72}},"38":{"start":{"line":67,"column":8},"end":{"line":67,"column":15}},"39":{"start":{"line":69,"column":6},"end":{"line":69,"column":59}},"40":{"start":{"line":74,"column":0},"end":{"line":74,"column":37}}},"fnMap":{"0":{"name":"(anonymous_0)","decl":{"start":{"line":5,"column":21},"end":{"line":5,"column":22}},"loc":{"start":{"line":5,"column":35},"end":{"line":14,"column":3}},"line":5},"1":{"name":"(anonymous_1)","decl":{"start":{"line":6,"column":30},"end":{"line":6,"column":31}},"loc":{"start":{"line":6,"column":52},"end":{"line":13,"column":5}},"line":6},"2":{"name":"(anonymous_2)","decl":{"start":{"line":17,"column":16},"end":{"line":17,"column":17}},"loc":{"start":{"line":17,"column":30},"end":{"line":31,"column":3}},"line":17},"3":{"name":"(anonymous_3)","decl":{"start":{"line":19,"column":37},"end":{"line":19,"column":38}},"loc":{"start":{"line":19,"column":58},"end":{"line":30,"column":5}},"line":19},"4":{"name":"(anonymous_4)","decl":{"start":{"line":34,"column":15},"end":{"line":34,"column":16}},"loc":{"start":{"line":34,"column":29},"end":{"line":44,"column":3}},"line":34},"5":{"name":"(anonymous_5)","decl":{"start":{"line":36,"column":47},"end":{"line":36,"column":48}},"loc":{"start":{"line":36,"column":67},"end":{"line":43,"column":5}},"line":36},"6":{"name":"(anonymous_6)","decl":{"start":{"line":47,"column":15},"end":{"line":47,"column":16}},"loc":{"start":{"line":47,"column":29},"end":{"line":58,"column":3}},"line":47},"7":{"name":"(anonymous_7)","decl":{"start":{"line":50,"column":55},"end":{"line":50,"column":56}},"loc":{"start":{"line":50,"column":64},"end":{"line":57,"column":5}},"line":50},"8":{"name":"(anonymous_8)","decl":{"start":{"line":61,"column":15},"end":{"line":61,"column":16}},"loc":{"start":{"line":61,"column":29},"end":{"line":71,"column":3}},"line":61},"9":{"name":"(anonymous_9)","decl":{"start":{"line":63,"column":36},"end":{"line":63,"column":37}},"loc":{"start":{"line":63,"column":45},"end":{"line":70,"column":5}},"line":63}},"branchMap":{"0":{"loc":{"start":{"line":7,"column":6},"end":{"line":11,"column":7}},"type":"if","locations":[{"start":{"line":7,"column":6},"end":{"line":11,"column":7}},{"start":{},"end":{}}],"line":7},"1":{"loc":{"start":{"line":20,"column":6},"end":{"line":24,"column":7}},"type":"if","locations":[{"start":{"line":20,"column":6},"end":{"line":24,"column":7}},{"start":{},"end":{}}],"line":20},"2":{"loc":{"start":{"line":25,"column":6},"end":{"line":28,"column":7}},"type":"if","locations":[{"start":{"line":25,"column":6},"end":{"line":28,"column":7}},{"start":{},"end":{}}],"line":25},"3":{"loc":{"start":{"line":37,"column":6},"end":{"line":41,"column":7}},"type":"if","locations":[{"start":{"line":37,"column":6},"end":{"line":41,"column":7}},{"start":{},"end":{}}],"line":37},"4":{"loc":{"start":{"line":51,"column":6},"end":{"line":55,"column":7}},"type":"if","locations":[{"start":{"line":51,"column":6},"end":{"line":55,"column":7}},{"start":{},"end":{}}],"line":51},"5":{"loc":{"start":{"line":64,"column":6},"end":{"line":68,"column":7}},"type":"if","locations":[{"start":{"line":64,"column":6},"end":{"line":68,"column":7}},{"start":{},"end":{}}],"line":64}},"s":{"0":1,"1":1,"2":2,"3":2,"4":1,"5":1,"6":1,"7":1,"8":0,"9":0,"10":0,"11":0,"12":0,"13":0,"14":0,"15":0,"16":0,"17":0,"18":0,"19":0,"20":0,"21":0,"22":0,"23":0,"24":0,"25":0,"26":0,"27":0,"28":0,"29":0,"30":0,"31":0,"32":0,"33":0,"34":0,"35":0,"36":0,"37":0,"38":0,"39":0,"40":1},"f":{"0":2,"1":2,"2":0,"3":0,"4":0,"5":0,"6":0,"7":0,"8":0,"9":0},"b":{"0":[1,1],"1":[0,0],"2":[0,0],"3":[0,0],"4":[0,0],"5":[0,0]},"_coverageSchema":"1a1c01bbd47fc00a2c39e90264f33305004495a9","hash":"13b4756933202d8d6e2dba2f3fd9d1810be74334"}
,"C:\\Users\\haibe\\Downloads\\Api_sistema_de_informacion\\src\\controllers\\loginControllers.js": {"path":"C:\\Users\\haibe\\Downloads\\Api_sistema_de_informacion\\src\\controllers\\loginControllers.js","statementMap":{"0":{"start":{"line":1,"column":19},"end":{"line":1,"column":50}},"1":{"start":{"line":3,"column":24},"end":{"line":22,"column":1}},"2":{"start":{"line":5,"column":35},"end":{"line":5,"column":43}},"3":{"start":{"line":7,"column":4},"end":{"line":20,"column":7}},"4":{"start":{"line":8,"column":6},"end":{"line":12,"column":7}},"5":{"start":{"line":9,"column":8},"end":{"line":9,"column":68}},"6":{"start":{"line":10,"column":8},"end":{"line":10,"column":70}},"7":{"start":{"line":11,"column":8},"end":{"line":11,"column":15}},"8":{"start":{"line":13,"column":6},"end":{"line":19,"column":7}},"9":{"start":{"line":14,"column":8},"end":{"line":14,"column":65}},"10":{"start":{"line":15,"column":13},"end":{"line":19,"column":7}},"11":{"start":{"line":16,"column":8},"end":{"line":16,"column":65}},"12":{"start":{"line":18,"column":8},"end":{"line":18,"column":65}},"13":{"start":{"line":24,"column":0},"end":{"line":24,"column":33}}},"fnMap":{"0":{"name":"(anonymous_0)","decl":{"start":{"line":4,"column":20},"end":{"line":4,"column":21}},"loc":{"start":{"line":4,"column":34},"end":{"line":21,"column":3}},"line":4},"1":{"name":"(anonymous_1)","decl":{"start":{"line":7,"column":48},"end":{"line":7,"column":49}},"loc":{"start":{"line":7,"column":63},"end":{"line":20,"column":5}},"line":7}},"branchMap":{"0":{"loc":{"start":{"line":8,"column":6},"end":{"line":12,"column":7}},"type":"if","locations":[{"start":{"line":8,"column":6},"end":{"line":12,"column":7}},{"start":{},"end":{}}],"line":8},"1":{"loc":{"start":{"line":13,"column":6},"end":{"line":19,"column":7}},"type":"if","locations":[{"start":{"line":13,"column":6},"end":{"line":19,"column":7}},{"start":{"line":15,"column":13},"end":{"line":19,"column":7}}],"line":13},"2":{"loc":{"start":{"line":15,"column":13},"end":{"line":19,"column":7}},"type":"if","locations":[{"start":{"line":15,"column":13},"end":{"line":19,"column":7}},{"start":{"line":17,"column":13},"end":{"line":19,"column":7}}],"line":15}},"s":{"0":1,"1":1,"2":4,"3":4,"4":4,"5":1,"6":1,"7":1,"8":3,"9":1,"10":2,"11":1,"12":1,"13":1},"f":{"0":4,"1":4},"b":{"0":[1,3],"1":[1,2],"2":[1,1]},"_coverageSchema":"1a1c01bbd47fc00a2c39e90264f33305004495a9","hash":"6c5aea82daa6997b9e9e96b0af687a20944fff2d"}
,"C:\\Users\\haibe\\Downloads\\Api_sistema_de_informacion\\src\\controllers\\ordenesControllers.js": {"path":"C:\\Users\\haibe\\Downloads\\Api_sistema_de_informacion\\src\\controllers\\ordenesControllers.js","statementMap":{"0":{"start":{"line":1,"column":22},"end":{"line":1,"column":55}},"1":{"start":{"line":3,"column":26},"end":{"line":18,"column":1}},"2":{"start":{"line":5,"column":4},"end":{"line":16,"column":5}},"3":{"start":{"line":6,"column":6},"end":{"line":6,"column":49}},"4":{"start":{"line":8,"column":6},"end":{"line":15,"column":9}},"5":{"start":{"line":9,"column":8},"end":{"line":14,"column":9}},"6":{"start":{"line":10,"column":10},"end":{"line":10,"column":67}},"7":{"start":{"line":11,"column":10},"end":{"line":11,"column":52}},"8":{"start":{"line":13,"column":10},"end":{"line":13,"column":36}},"9":{"start":{"line":20,"column":0},"end":{"line":20,"column":35}}},"fnMap":{"0":{"name":"(anonymous_0)","decl":{"start":{"line":4,"column":15},"end":{"line":4,"column":16}},"loc":{"start":{"line":4,"column":39},"end":{"line":17,"column":3}},"line":4},"1":{"name":"(anonymous_1)","decl":{"start":{"line":8,"column":42},"end":{"line":8,"column":43}},"loc":{"start":{"line":8,"column":62},"end":{"line":15,"column":7}},"line":8}},"branchMap":{"0":{"loc":{"start":{"line":5,"column":4},"end":{"line":16,"column":5}},"type":"if","locations":[{"start":{"line":5,"column":4},"end":{"line":16,"column":5}},{"start":{"line":7,"column":11},"end":{"line":16,"column":5}}],"line":5},"1":{"loc":{"start":{"line":5,"column":8},"end":{"line":5,"column":84}},"type":"binary-expr","locations":[{"start":{"line":5,"column":8},"end":{"line":5,"column":17}},{"start":{"line":5,"column":21},"end":{"line":5,"column":36}},{"start":{"line":5,"column":40},"end":{"line":5,"column":59}},{"start":{"line":5,"column":63},"end":{"line":5,"column":84}}],"line":5},"2":{"loc":{"start":{"line":9,"column":8},"end":{"line":14,"column":9}},"type":"if","locations":[{"start":{"line":9,"column":8},"end":{"line":14,"column":9}},{"start":{"line":12,"column":15},"end":{"line":14,"column":9}}],"line":9}},"s":{"0":1,"1":1,"2":3,"3":1,"4":2,"5":2,"6":1,"7":1,"8":1,"9":1},"f":{"0":3,"1":2},"b":{"0":[1,2],"1":[3,3,3,3],"2":[1,1]},"_coverageSchema":"1a1c01bbd47fc00a2c39e90264f33305004495a9","hash":"23b95f358c423fc59feb5975fc80aaf31feff3d5"}
,"C:\\Users\\haibe\\Downloads\\Api_sistema_de_informacion\\src\\controllers\\personasControllers.js": {"path":"C:\\Users\\haibe\\Downloads\\Api_sistema_de_informacion\\src\\controllers\\personasControllers.js","statementMap":{"0":{"start":{"line":1,"column":22},"end":{"line":1,"column":57}},"1":{"start":{"line":3,"column":27},"end":{"line":33,"column":1}},"2":{"start":{"line":5,"column":4},"end":{"line":10,"column":7}},"3":{"start":{"line":6,"column":6},"end":{"line":8,"column":7}},"4":{"start":{"line":7,"column":8},"end":{"line":7,"column":85}},"5":{"start":{"line":9,"column":6},"end":{"line":9,"column":30}},"6":{"start":{"line":14,"column":20},"end":{"line":17,"column":5}},"7":{"start":{"line":19,"column":22},"end":{"line":22,"column":5}},"8":{"start":{"line":24,"column":22},"end":{"line":24,"column":40}},"9":{"start":{"line":26,"column":4},"end":{"line":31,"column":7}},"10":{"start":{"line":27,"column":6},"end":{"line":29,"column":7}},"11":{"start":{"line":28,"column":8},"end":{"line":28,"column":88}},"12":{"start":{"line":30,"column":6},"end":{"line":30,"column":101}},"13":{"start":{"line":35,"column":0},"end":{"line":35,"column":36}}},"fnMap":{"0":{"name":"(anonymous_0)","decl":{"start":{"line":4,"column":24},"end":{"line":4,"column":25}},"loc":{"start":{"line":4,"column":38},"end":{"line":11,"column":3}},"line":4},"1":{"name":"(anonymous_1)","decl":{"start":{"line":5,"column":39},"end":{"line":5,"column":40}},"loc":{"start":{"line":5,"column":63},"end":{"line":10,"column":5}},"line":5},"2":{"name":"(anonymous_2)","decl":{"start":{"line":13,"column":27},"end":{"line":13,"column":28}},"loc":{"start":{"line":13,"column":41},"end":{"line":32,"column":3}},"line":13},"3":{"name":"(anonymous_3)","decl":{"start":{"line":26,"column":73},"end":{"line":26,"column":74}},"loc":{"start":{"line":26,"column":93},"end":{"line":31,"column":5}},"line":26}},"branchMap":{"0":{"loc":{"start":{"line":6,"column":6},"end":{"line":8,"column":7}},"type":"if","locations":[{"start":{"line":6,"column":6},"end":{"line":8,"column":7}},{"start":{},"end":{}}],"line":6},"1":{"loc":{"start":{"line":27,"column":6},"end":{"line":29,"column":7}},"type":"if","locations":[{"start":{"line":27,"column":6},"end":{"line":29,"column":7}},{"start":{},"end":{}}],"line":27}},"s":{"0":1,"1":1,"2":2,"3":2,"4":1,"5":1,"6":2,"7":2,"8":2,"9":2,"10":2,"11":1,"12":1,"13":1},"f":{"0":2,"1":2,"2":2,"3":2},"b":{"0":[1,1],"1":[1,1]},"_coverageSchema":"1a1c01bbd47fc00a2c39e90264f33305004495a9","hash":"453765bcfb5df5e4ec4b9acad52404b92997de46"}
,"C:\\Users\\haibe\\Downloads\\Api_sistema_de_informacion\\src\\models\\carouselModel.js": {"path":"C:\\Users\\haibe\\Downloads\\Api_sistema_de_informacion\\src\\models\\carouselModel.js","statementMap":{"0":{"start":{"line":1,"column":14},"end":{"line":1,"column":30}},"1":{"start":{"line":4,"column":13},"end":{"line":9,"column":2}},"2":{"start":{"line":11,"column":22},"end":{"line":31,"column":3}},"3":{"start":{"line":13,"column":6},"end":{"line":13,"column":53}},"4":{"start":{"line":17,"column":6},"end":{"line":17,"column":72}},"5":{"start":{"line":21,"column":6},"end":{"line":21,"column":69}},"6":{"start":{"line":25,"column":6},"end":{"line":25,"column":87}},"7":{"start":{"line":29,"column":6},"end":{"line":29,"column":70}},"8":{"start":{"line":34,"column":0},"end":{"line":34,"column":31}}},"fnMap":{"0":{"name":"(anonymous_0)","decl":{"start":{"line":12,"column":17},"end":{"line":12,"column":18}},"loc":{"start":{"line":12,"column":31},"end":{"line":14,"column":5}},"line":12},"1":{"name":"(anonymous_1)","decl":{"start":{"line":16,"column":18},"end":{"line":16,"column":19}},"loc":{"start":{"line":16,"column":36},"end":{"line":18,"column":5}},"line":16},"2":{"name":"(anonymous_2)","decl":{"start":{"line":20,"column":17},"end":{"line":20,"column":18}},"loc":{"start":{"line":20,"column":43},"end":{"line":22,"column":5}},"line":20},"3":{"name":"(anonymous_3)","decl":{"start":{"line":24,"column":17},"end":{"line":24,"column":18}},"loc":{"start":{"line":24,"column":51},"end":{"line":26,"column":5}},"line":24},"4":{"name":"(anonymous_4)","decl":{"start":{"line":28,"column":17},"end":{"line":28,"column":18}},"loc":{"start":{"line":28,"column":35},"end":{"line":30,"column":5}},"line":28}},"branchMap":{},"s":{"0":1,"1":1,"2":1,"3":0,"4":0,"5":0,"6":0,"7":0,"8":1},"f":{"0":0,"1":0,"2":0,"3":0,"4":0},"b":{},"_coverageSchema":"1a1c01bbd47fc00a2c39e90264f33305004495a9","hash":"64e88e100b0642555c54e404ac2ae339e253065d"}
,"C:\\Users\\haibe\\Downloads\\Api_sistema_de_informacion\\src\\models\\loginModel.js": {"path":"C:\\Users\\haibe\\Downloads\\Api_sistema_de_informacion\\src\\models\\loginModel.js","statementMap":{"0":{"start":{"line":1,"column":14},"end":{"line":1,"column":30}},"1":{"start":{"line":3,"column":13},"end":{"line":8,"column":2}},"2":{"start":{"line":10,"column":19},"end":{"line":27,"column":1}},"3":{"start":{"line":12,"column":18},"end":{"line":12,"column":94}},"4":{"start":{"line":13,"column":19},"end":{"line":13,"column":39}},"5":{"start":{"line":15,"column":4},"end":{"line":25,"column":7}},"6":{"start":{"line":16,"column":6},"end":{"line":24,"column":7}},"7":{"start":{"line":17,"column":8},"end":{"line":17,"column":30}},"8":{"start":{"line":19,"column":8},"end":{"line":23,"column":9}},"9":{"start":{"line":20,"column":10},"end":{"line":20,"column":31}},"10":{"start":{"line":22,"column":10},"end":{"line":22,"column":37}},"11":{"start":{"line":30,"column":0},"end":{"line":30,"column":28}}},"fnMap":{"0":{"name":"(anonymous_0)","decl":{"start":{"line":11,"column":16},"end":{"line":11,"column":17}},"loc":{"start":{"line":11,"column":50},"end":{"line":26,"column":3}},"line":11},"1":{"name":"(anonymous_1)","decl":{"start":{"line":15,"column":30},"end":{"line":15,"column":31}},"loc":{"start":{"line":15,"column":50},"end":{"line":25,"column":5}},"line":15}},"branchMap":{"0":{"loc":{"start":{"line":16,"column":6},"end":{"line":24,"column":7}},"type":"if","locations":[{"start":{"line":16,"column":6},"end":{"line":24,"column":7}},{"start":{"line":18,"column":13},"end":{"line":24,"column":7}}],"line":16},"1":{"loc":{"start":{"line":19,"column":8},"end":{"line":23,"column":9}},"type":"if","locations":[{"start":{"line":19,"column":8},"end":{"line":23,"column":9}},{"start":{"line":21,"column":15},"end":{"line":23,"column":9}}],"line":19}},"s":{"0":1,"1":1,"2":1,"3":0,"4":0,"5":0,"6":0,"7":0,"8":0,"9":0,"10":0,"11":1},"f":{"0":0,"1":0},"b":{"0":[0,0],"1":[0,0]},"_coverageSchema":"1a1c01bbd47fc00a2c39e90264f33305004495a9","hash":"77ff1f4ee5915464132337f8d0cad343aa7bf345"}
,"C:\\Users\\haibe\\Downloads\\Api_sistema_de_informacion\\src\\models\\ordenesModel.js": {"path":"C:\\Users\\haibe\\Downloads\\Api_sistema_de_informacion\\src\\models\\ordenesModel.js","statementMap":{"0":{"start":{"line":1,"column":14},"end":{"line":1,"column":30}},"1":{"start":{"line":3,"column":13},"end":{"line":8,"column":2}},"2":{"start":{"line":10,"column":22},"end":{"line":25,"column":1}},"3":{"start":{"line":12,"column":4},"end":{"line":23,"column":5}},"4":{"start":{"line":13,"column":6},"end":{"line":13,"column":49}},"5":{"start":{"line":15,"column":6},"end":{"line":22,"column":9}},"6":{"start":{"line":16,"column":8},"end":{"line":21,"column":9}},"7":{"start":{"line":17,"column":10},"end":{"line":17,"column":67}},"8":{"start":{"line":18,"column":10},"end":{"line":18,"column":52}},"9":{"start":{"line":20,"column":10},"end":{"line":20,"column":88}},"10":{"start":{"line":27,"column":0},"end":{"line":27,"column":31}}},"fnMap":{"0":{"name":"(anonymous_0)","decl":{"start":{"line":11,"column":15},"end":{"line":11,"column":16}},"loc":{"start":{"line":11,"column":39},"end":{"line":24,"column":3}},"line":11},"1":{"name":"(anonymous_1)","decl":{"start":{"line":15,"column":149},"end":{"line":15,"column":150}},"loc":{"start":{"line":15,"column":169},"end":{"line":22,"column":7}},"line":15}},"branchMap":{"0":{"loc":{"start":{"line":12,"column":4},"end":{"line":23,"column":5}},"type":"if","locations":[{"start":{"line":12,"column":4},"end":{"line":23,"column":5}},{"start":{"line":14,"column":11},"end":{"line":23,"column":5}}],"line":12},"1":{"loc":{"start":{"line":12,"column":8},"end":{"line":12,"column":84}},"type":"binary-expr","locations":[{"start":{"line":12,"column":8},"end":{"line":12,"column":17}},{"start":{"line":12,"column":21},"end":{"line":12,"column":36}},{"start":{"line":12,"column":40},"end":{"line":12,"column":59}},{"start":{"line":12,"column":63},"end":{"line":12,"column":84}}],"line":12},"2":{"loc":{"start":{"line":16,"column":8},"end":{"line":21,"column":9}},"type":"if","locations":[{"start":{"line":16,"column":8},"end":{"line":21,"column":9}},{"start":{"line":19,"column":15},"end":{"line":21,"column":9}}],"line":16}},"s":{"0":1,"1":1,"2":1,"3":0,"4":0,"5":0,"6":0,"7":0,"8":0,"9":0,"10":1},"f":{"0":0,"1":0},"b":{"0":[0,0],"1":[0,0,0,0],"2":[0,0]},"_coverageSchema":"1a1c01bbd47fc00a2c39e90264f33305004495a9","hash":"f25912cfcb71b5929957476be27f7296f53ed7ec"}
,"C:\\Users\\haibe\\Downloads\\Api_sistema_de_informacion\\src\\models\\personasModels.js": {"path":"C:\\Users\\haibe\\Downloads\\Api_sistema_de_informacion\\src\\models\\personasModels.js","statementMap":{"0":{"start":{"line":1,"column":14},"end":{"line":1,"column":30}},"1":{"start":{"line":3,"column":13},"end":{"line":8,"column":2}},"2":{"start":{"line":10,"column":22},"end":{"line":37,"column":1}},"3":{"start":{"line":12,"column":4},"end":{"line":22,"column":7}},"4":{"start":{"line":13,"column":6},"end":{"line":15,"column":7}},"5":{"start":{"line":14,"column":8},"end":{"line":14,"column":35}},"6":{"start":{"line":16,"column":6},"end":{"line":18,"column":7}},"7":{"start":{"line":17,"column":8},"end":{"line":17,"column":60}},"8":{"start":{"line":20,"column":28},"end":{"line":20,"column":41}},"9":{"start":{"line":21,"column":6},"end":{"line":21,"column":43}},"10":{"start":{"line":26,"column":4},"end":{"line":35,"column":6}},"11":{"start":{"line":30,"column":8},"end":{"line":32,"column":9}},"12":{"start":{"line":31,"column":10},"end":{"line":31,"column":37}},"13":{"start":{"line":33,"column":8},"end":{"line":33,"column":41}},"14":{"start":{"line":39,"column":0},"end":{"line":39,"column":31}}},"fnMap":{"0":{"name":"(anonymous_0)","decl":{"start":{"line":11,"column":24},"end":{"line":11,"column":25}},"loc":{"start":{"line":11,"column":38},"end":{"line":23,"column":3}},"line":11},"1":{"name":"(anonymous_1)","decl":{"start":{"line":12,"column":49},"end":{"line":12,"column":50}},"loc":{"start":{"line":12,"column":70},"end":{"line":22,"column":5}},"line":12},"2":{"name":"(anonymous_2)","decl":{"start":{"line":25,"column":27},"end":{"line":25,"column":28}},"loc":{"start":{"line":25,"column":72},"end":{"line":36,"column":3}},"line":25},"3":{"name":"(anonymous_3)","decl":{"start":{"line":29,"column":6},"end":{"line":29,"column":7}},"loc":{"start":{"line":29,"column":26},"end":{"line":34,"column":7}},"line":29}},"branchMap":{"0":{"loc":{"start":{"line":13,"column":6},"end":{"line":15,"column":7}},"type":"if","locations":[{"start":{"line":13,"column":6},"end":{"line":15,"column":7}},{"start":{},"end":{}}],"line":13},"1":{"loc":{"start":{"line":16,"column":6},"end":{"line":18,"column":7}},"type":"if","locations":[{"start":{"line":16,"column":6},"end":{"line":18,"column":7}},{"start":{},"end":{}}],"line":16},"2":{"loc":{"start":{"line":30,"column":8},"end":{"line":32,"column":9}},"type":"if","locations":[{"start":{"line":30,"column":8},"end":{"line":32,"column":9}},{"start":{},"end":{}}],"line":30}},"s":{"0":1,"1":1,"2":1,"3":0,"4":0,"5":0,"6":0,"7":0,"8":0,"9":0,"10":0,"11":0,"12":0,"13":0,"14":1},"f":{"0":0,"1":0,"2":0,"3":0},"b":{"0":[0,0],"1":[0,0],"2":[0,0]},"_coverageSchema":"1a1c01bbd47fc00a2c39e90264f33305004495a9","hash":"ad68e919c83d839c9393a0b7303e58bc095bd82b"}
}
